{"C:\\Users\\Koders\\Desktop\\Payments-Backend\\src\\axios.js": {"path":"C:\\Users\\Koders\\Desktop\\Payments-Backend\\src\\axios.js","statementMap":{"0":{"start":{"line":1,"column":27},"end":{"line":1,"column":43}},"1":{"start":{"line":3,"column":15},"end":{"line":5,"column":2}},"2":{"start":{"line":7,"column":0},"end":{"line":7,"column":23}}},"fnMap":{},"branchMap":{},"s":{"0":2,"1":2,"2":2},"f":{},"b":{},"_coverageSchema":"1a1c01bbd47fc00a2c39e90264f33305004495a9","hash":"6b1aa8c3940eb56277b8c9503bde63d7ad2d18dc"}
,"C:\\Users\\Koders\\Desktop\\Payments-Backend\\src\\coupon.js": {"path":"C:\\Users\\Koders\\Desktop\\Payments-Backend\\src\\coupon.js","statementMap":{"0":{"start":{"line":1,"column":11},"end":{"line":1,"column":24}},"1":{"start":{"line":2,"column":16},"end":{"line":2,"column":34}},"2":{"start":{"line":3,"column":13},"end":{"line":3,"column":28}},"3":{"start":{"line":4,"column":15},"end":{"line":4,"column":32}},"4":{"start":{"line":5,"column":22},"end":{"line":5,"column":46}},"5":{"start":{"line":6,"column":30},"end":{"line":6,"column":49}},"6":{"start":{"line":8,"column":21},"end":{"line":18,"column":1}},"7":{"start":{"line":20,"column":22},"end":{"line":27,"column":1}},"8":{"start":{"line":31,"column":4},"end":{"line":31,"column":29}},"9":{"start":{"line":32,"column":4},"end":{"line":32,"column":22}},"10":{"start":{"line":33,"column":4},"end":{"line":33,"column":39}},"11":{"start":{"line":34,"column":4},"end":{"line":34,"column":41}},"12":{"start":{"line":35,"column":4},"end":{"line":35,"column":33}},"13":{"start":{"line":36,"column":4},"end":{"line":36,"column":34}},"14":{"start":{"line":37,"column":4},"end":{"line":37,"column":32}},"15":{"start":{"line":38,"column":4},"end":{"line":38,"column":22}},"16":{"start":{"line":42,"column":4},"end":{"line":42,"column":52}},"17":{"start":{"line":46,"column":4},"end":{"line":48,"column":6}},"18":{"start":{"line":52,"column":4},"end":{"line":52,"column":51}},"19":{"start":{"line":56,"column":4},"end":{"line":66,"column":57}},"20":{"start":{"line":57,"column":6},"end":{"line":65,"column":7}},"21":{"start":{"line":58,"column":25},"end":{"line":58,"column":62}},"22":{"start":{"line":59,"column":24},"end":{"line":61,"column":9}},"23":{"start":{"line":62,"column":8},"end":{"line":62,"column":66}},"24":{"start":{"line":63,"column":8},"end":{"line":63,"column":49}},"25":{"start":{"line":64,"column":8},"end":{"line":64,"column":36}},"26":{"start":{"line":66,"column":11},"end":{"line":66,"column":57}},"27":{"start":{"line":70,"column":4},"end":{"line":76,"column":6}},"28":{"start":{"line":71,"column":6},"end":{"line":71,"column":68}},"29":{"start":{"line":71,"column":13},"end":{"line":71,"column":68}},"30":{"start":{"line":72,"column":6},"end":{"line":75,"column":8}},"31":{"start":{"line":73,"column":8},"end":{"line":73,"column":70}},"32":{"start":{"line":73,"column":16},"end":{"line":73,"column":70}},"33":{"start":{"line":74,"column":8},"end":{"line":74,"column":59}},"34":{"start":{"line":80,"column":4},"end":{"line":80,"column":33}},"35":{"start":{"line":80,"column":27},"end":{"line":80,"column":33}},"36":{"start":{"line":81,"column":4},"end":{"line":96,"column":5}},"37":{"start":{"line":82,"column":6},"end":{"line":82,"column":53}},"38":{"start":{"line":83,"column":22},"end":{"line":83,"column":53}},"39":{"start":{"line":84,"column":6},"end":{"line":95,"column":7}},"40":{"start":{"line":85,"column":28},"end":{"line":90,"column":10}},"41":{"start":{"line":86,"column":10},"end":{"line":88,"column":11}},"42":{"start":{"line":87,"column":12},"end":{"line":87,"column":33}},"43":{"start":{"line":89,"column":10},"end":{"line":89,"column":23}},"44":{"start":{"line":91,"column":8},"end":{"line":91,"column":46}},"45":{"start":{"line":92,"column":8},"end":{"line":92,"column":42}},"46":{"start":{"line":93,"column":8},"end":{"line":93,"column":73}},"47":{"start":{"line":94,"column":8},"end":{"line":94,"column":47}},"48":{"start":{"line":100,"column":4},"end":{"line":110,"column":5}},"49":{"start":{"line":101,"column":23},"end":{"line":101,"column":42}},"50":{"start":{"line":102,"column":17},"end":{"line":102,"column":19}},"51":{"start":{"line":103,"column":6},"end":{"line":107,"column":7}},"52":{"start":{"line":104,"column":8},"end":{"line":104,"column":37}},"53":{"start":{"line":106,"column":8},"end":{"line":106,"column":24}},"54":{"start":{"line":108,"column":6},"end":{"line":108,"column":45}},"55":{"start":{"line":109,"column":6},"end":{"line":109,"column":66}},"56":{"start":{"line":114,"column":4},"end":{"line":125,"column":58}},"57":{"start":{"line":115,"column":6},"end":{"line":124,"column":7}},"58":{"start":{"line":116,"column":25},"end":{"line":116,"column":63}},"59":{"start":{"line":117,"column":24},"end":{"line":119,"column":9}},"60":{"start":{"line":120,"column":25},"end":{"line":120,"column":60}},"61":{"start":{"line":121,"column":8},"end":{"line":123,"column":60}},"62":{"start":{"line":122,"column":10},"end":{"line":122,"column":25}},"63":{"start":{"line":123,"column":15},"end":{"line":123,"column":60}},"64":{"start":{"line":125,"column":11},"end":{"line":125,"column":58}},"65":{"start":{"line":129,"column":4},"end":{"line":129,"column":48}},"66":{"start":{"line":133,"column":4},"end":{"line":133,"column":38}},"67":{"start":{"line":137,"column":4},"end":{"line":142,"column":5}},"68":{"start":{"line":138,"column":6},"end":{"line":141,"column":7}},"69":{"start":{"line":143,"column":24},"end":{"line":143,"column":42}},"70":{"start":{"line":144,"column":4},"end":{"line":149,"column":5}},"71":{"start":{"line":145,"column":6},"end":{"line":148,"column":7}},"72":{"start":{"line":150,"column":4},"end":{"line":153,"column":5}},"73":{"start":{"line":157,"column":4},"end":{"line":157,"column":52}},"74":{"start":{"line":161,"column":4},"end":{"line":163,"column":5}},"75":{"start":{"line":162,"column":6},"end":{"line":162,"column":62}},"76":{"start":{"line":165,"column":4},"end":{"line":165,"column":15}},"77":{"start":{"line":169,"column":4},"end":{"line":169,"column":49}},"78":{"start":{"line":173,"column":21},"end":{"line":173,"column":51}},"79":{"start":{"line":174,"column":21},"end":{"line":174,"column":40}},"80":{"start":{"line":175,"column":4},"end":{"line":183,"column":5}},"81":{"start":{"line":176,"column":6},"end":{"line":182,"column":7}},"82":{"start":{"line":177,"column":8},"end":{"line":181,"column":9}},"83":{"start":{"line":178,"column":10},"end":{"line":178,"column":33}},"84":{"start":{"line":179,"column":10},"end":{"line":179,"column":34}},"85":{"start":{"line":180,"column":10},"end":{"line":180,"column":25}},"86":{"start":{"line":184,"column":4},"end":{"line":184,"column":27}},"87":{"start":{"line":185,"column":4},"end":{"line":185,"column":19}},"88":{"start":{"line":189,"column":4},"end":{"line":196,"column":5}},"89":{"start":{"line":190,"column":6},"end":{"line":195,"column":7}},"90":{"start":{"line":191,"column":8},"end":{"line":194,"column":9}},"91":{"start":{"line":197,"column":4},"end":{"line":200,"column":5}},"92":{"start":{"line":204,"column":4},"end":{"line":204,"column":33}},"93":{"start":{"line":208,"column":4},"end":{"line":208,"column":45}},"94":{"start":{"line":212,"column":4},"end":{"line":223,"column":5}},"95":{"start":{"line":213,"column":6},"end":{"line":218,"column":7}},"96":{"start":{"line":219,"column":6},"end":{"line":222,"column":8}},"97":{"start":{"line":224,"column":4},"end":{"line":224,"column":67}},"98":{"start":{"line":228,"column":4},"end":{"line":244,"column":5}},"99":{"start":{"line":229,"column":28},"end":{"line":229,"column":76}},"100":{"start":{"line":230,"column":6},"end":{"line":243,"column":7}},"101":{"start":{"line":248,"column":19},"end":{"line":248,"column":45}},"102":{"start":{"line":249,"column":4},"end":{"line":251,"column":5}},"103":{"start":{"line":250,"column":6},"end":{"line":250,"column":68}},"104":{"start":{"line":252,"column":36},"end":{"line":252,"column":68}},"105":{"start":{"line":253,"column":4},"end":{"line":253,"column":75}},"106":{"start":{"line":253,"column":16},"end":{"line":253,"column":75}},"107":{"start":{"line":254,"column":30},"end":{"line":254,"column":58}},"108":{"start":{"line":255,"column":4},"end":{"line":257,"column":5}},"109":{"start":{"line":256,"column":6},"end":{"line":256,"column":76}},"110":{"start":{"line":258,"column":4},"end":{"line":260,"column":5}},"111":{"start":{"line":259,"column":6},"end":{"line":259,"column":63}},"112":{"start":{"line":261,"column":4},"end":{"line":263,"column":5}},"113":{"start":{"line":262,"column":6},"end":{"line":262,"column":64}},"114":{"start":{"line":264,"column":4},"end":{"line":266,"column":5}},"115":{"start":{"line":265,"column":6},"end":{"line":265,"column":63}},"116":{"start":{"line":267,"column":31},"end":{"line":267,"column":57}},"117":{"start":{"line":268,"column":4},"end":{"line":281,"column":5}},"118":{"start":{"line":269,"column":6},"end":{"line":272,"column":7}},"119":{"start":{"line":271,"column":8},"end":{"line":271,"column":70}},"120":{"start":{"line":274,"column":6},"end":{"line":280,"column":7}},"121":{"start":{"line":275,"column":25},"end":{"line":275,"column":52}},"122":{"start":{"line":276,"column":8},"end":{"line":276,"column":74}},"123":{"start":{"line":278,"column":25},"end":{"line":278,"column":69}},"124":{"start":{"line":279,"column":8},"end":{"line":279,"column":74}},"125":{"start":{"line":285,"column":0},"end":{"line":285,"column":36}}},"fnMap":{"0":{"name":"(anonymous_0)","decl":{"start":{"line":30,"column":2},"end":{"line":30,"column":3}},"loc":{"start":{"line":30,"column":17},"end":{"line":39,"column":3}},"line":30},"1":{"name":"(anonymous_1)","decl":{"start":{"line":41,"column":2},"end":{"line":41,"column":3}},"loc":{"start":{"line":41,"column":24},"end":{"line":43,"column":3}},"line":41},"2":{"name":"(anonymous_2)","decl":{"start":{"line":45,"column":2},"end":{"line":45,"column":3}},"loc":{"start":{"line":45,"column":25},"end":{"line":49,"column":3}},"line":45},"3":{"name":"(anonymous_3)","decl":{"start":{"line":51,"column":2},"end":{"line":51,"column":3}},"loc":{"start":{"line":51,"column":25},"end":{"line":53,"column":3}},"line":51},"4":{"name":"(anonymous_4)","decl":{"start":{"line":55,"column":2},"end":{"line":55,"column":3}},"loc":{"start":{"line":55,"column":17},"end":{"line":67,"column":3}},"line":55},"5":{"name":"(anonymous_5)","decl":{"start":{"line":69,"column":2},"end":{"line":69,"column":3}},"loc":{"start":{"line":69,"column":40},"end":{"line":77,"column":3}},"line":69},"6":{"name":"(anonymous_6)","decl":{"start":{"line":70,"column":55},"end":{"line":70,"column":56}},"loc":{"start":{"line":70,"column":70},"end":{"line":76,"column":5}},"line":70},"7":{"name":"(anonymous_7)","decl":{"start":{"line":72,"column":37},"end":{"line":72,"column":38}},"loc":{"start":{"line":72,"column":45},"end":{"line":75,"column":7}},"line":72},"8":{"name":"(anonymous_8)","decl":{"start":{"line":79,"column":2},"end":{"line":79,"column":3}},"loc":{"start":{"line":79,"column":22},"end":{"line":97,"column":3}},"line":79},"9":{"name":"(anonymous_9)","decl":{"start":{"line":85,"column":53},"end":{"line":85,"column":54}},"loc":{"start":{"line":85,"column":65},"end":{"line":90,"column":9}},"line":85},"10":{"name":"(anonymous_10)","decl":{"start":{"line":99,"column":2},"end":{"line":99,"column":3}},"loc":{"start":{"line":99,"column":30},"end":{"line":111,"column":3}},"line":99},"11":{"name":"(anonymous_11)","decl":{"start":{"line":113,"column":2},"end":{"line":113,"column":3}},"loc":{"start":{"line":113,"column":18},"end":{"line":126,"column":3}},"line":113},"12":{"name":"(anonymous_12)","decl":{"start":{"line":128,"column":2},"end":{"line":128,"column":3}},"loc":{"start":{"line":128,"column":30},"end":{"line":130,"column":3}},"line":128},"13":{"name":"(anonymous_13)","decl":{"start":{"line":132,"column":2},"end":{"line":132,"column":3}},"loc":{"start":{"line":132,"column":21},"end":{"line":134,"column":3}},"line":132},"14":{"name":"(anonymous_14)","decl":{"start":{"line":136,"column":2},"end":{"line":136,"column":3}},"loc":{"start":{"line":136,"column":25},"end":{"line":154,"column":3}},"line":136},"15":{"name":"(anonymous_15)","decl":{"start":{"line":156,"column":2},"end":{"line":156,"column":3}},"loc":{"start":{"line":156,"column":16},"end":{"line":158,"column":3}},"line":156},"16":{"name":"(anonymous_16)","decl":{"start":{"line":160,"column":2},"end":{"line":160,"column":3}},"loc":{"start":{"line":160,"column":45},"end":{"line":166,"column":3}},"line":160},"17":{"name":"(anonymous_17)","decl":{"start":{"line":168,"column":2},"end":{"line":168,"column":3}},"loc":{"start":{"line":168,"column":41},"end":{"line":170,"column":3}},"line":168},"18":{"name":"(anonymous_18)","decl":{"start":{"line":172,"column":2},"end":{"line":172,"column":3}},"loc":{"start":{"line":172,"column":19},"end":{"line":186,"column":3}},"line":172},"19":{"name":"(anonymous_19)","decl":{"start":{"line":188,"column":2},"end":{"line":188,"column":3}},"loc":{"start":{"line":188,"column":35},"end":{"line":201,"column":3}},"line":188},"20":{"name":"(anonymous_20)","decl":{"start":{"line":203,"column":2},"end":{"line":203,"column":3}},"loc":{"start":{"line":203,"column":38},"end":{"line":205,"column":3}},"line":203},"21":{"name":"(anonymous_21)","decl":{"start":{"line":207,"column":2},"end":{"line":207,"column":3}},"loc":{"start":{"line":207,"column":30},"end":{"line":209,"column":3}},"line":207},"22":{"name":"(anonymous_22)","decl":{"start":{"line":211,"column":2},"end":{"line":211,"column":3}},"loc":{"start":{"line":211,"column":56},"end":{"line":225,"column":3}},"line":211},"23":{"name":"(anonymous_23)","decl":{"start":{"line":227,"column":2},"end":{"line":227,"column":3}},"loc":{"start":{"line":227,"column":30},"end":{"line":245,"column":3}},"line":227},"24":{"name":"(anonymous_24)","decl":{"start":{"line":247,"column":2},"end":{"line":247,"column":3}},"loc":{"start":{"line":247,"column":53},"end":{"line":282,"column":3}},"line":247}},"branchMap":{"0":{"loc":{"start":{"line":56,"column":4},"end":{"line":66,"column":57}},"type":"if","locations":[{"start":{"line":56,"column":4},"end":{"line":66,"column":57}},{"start":{"line":66,"column":11},"end":{"line":66,"column":57}}],"line":56},"1":{"loc":{"start":{"line":57,"column":6},"end":{"line":65,"column":7}},"type":"if","locations":[{"start":{"line":57,"column":6},"end":{"line":65,"column":7}},{"start":{},"end":{}}],"line":57},"2":{"loc":{"start":{"line":71,"column":6},"end":{"line":71,"column":68}},"type":"if","locations":[{"start":{"line":71,"column":6},"end":{"line":71,"column":68}},{"start":{},"end":{}}],"line":71},"3":{"loc":{"start":{"line":73,"column":8},"end":{"line":73,"column":70}},"type":"if","locations":[{"start":{"line":73,"column":8},"end":{"line":73,"column":70}},{"start":{},"end":{}}],"line":73},"4":{"loc":{"start":{"line":80,"column":4},"end":{"line":80,"column":33}},"type":"if","locations":[{"start":{"line":80,"column":4},"end":{"line":80,"column":33}},{"start":{},"end":{}}],"line":80},"5":{"loc":{"start":{"line":81,"column":4},"end":{"line":96,"column":5}},"type":"if","locations":[{"start":{"line":81,"column":4},"end":{"line":96,"column":5}},{"start":{},"end":{}}],"line":81},"6":{"loc":{"start":{"line":84,"column":6},"end":{"line":95,"column":7}},"type":"if","locations":[{"start":{"line":84,"column":6},"end":{"line":95,"column":7}},{"start":{},"end":{}}],"line":84},"7":{"loc":{"start":{"line":86,"column":10},"end":{"line":88,"column":11}},"type":"if","locations":[{"start":{"line":86,"column":10},"end":{"line":88,"column":11}},{"start":{},"end":{}}],"line":86},"8":{"loc":{"start":{"line":100,"column":4},"end":{"line":110,"column":5}},"type":"if","locations":[{"start":{"line":100,"column":4},"end":{"line":110,"column":5}},{"start":{},"end":{}}],"line":100},"9":{"loc":{"start":{"line":103,"column":6},"end":{"line":107,"column":7}},"type":"if","locations":[{"start":{"line":103,"column":6},"end":{"line":107,"column":7}},{"start":{"line":105,"column":13},"end":{"line":107,"column":7}}],"line":103},"10":{"loc":{"start":{"line":114,"column":4},"end":{"line":125,"column":58}},"type":"if","locations":[{"start":{"line":114,"column":4},"end":{"line":125,"column":58}},{"start":{"line":125,"column":11},"end":{"line":125,"column":58}}],"line":114},"11":{"loc":{"start":{"line":115,"column":6},"end":{"line":124,"column":7}},"type":"if","locations":[{"start":{"line":115,"column":6},"end":{"line":124,"column":7}},{"start":{},"end":{}}],"line":115},"12":{"loc":{"start":{"line":121,"column":8},"end":{"line":123,"column":60}},"type":"if","locations":[{"start":{"line":121,"column":8},"end":{"line":123,"column":60}},{"start":{"line":123,"column":15},"end":{"line":123,"column":60}}],"line":121},"13":{"loc":{"start":{"line":128,"column":19},"end":{"line":128,"column":28}},"type":"default-arg","locations":[{"start":{"line":128,"column":26},"end":{"line":128,"column":28}}],"line":128},"14":{"loc":{"start":{"line":137,"column":4},"end":{"line":142,"column":5}},"type":"if","locations":[{"start":{"line":137,"column":4},"end":{"line":142,"column":5}},{"start":{},"end":{}}],"line":137},"15":{"loc":{"start":{"line":144,"column":4},"end":{"line":149,"column":5}},"type":"if","locations":[{"start":{"line":144,"column":4},"end":{"line":149,"column":5}},{"start":{},"end":{}}],"line":144},"16":{"loc":{"start":{"line":161,"column":4},"end":{"line":163,"column":5}},"type":"if","locations":[{"start":{"line":161,"column":4},"end":{"line":163,"column":5}},{"start":{},"end":{}}],"line":161},"17":{"loc":{"start":{"line":175,"column":4},"end":{"line":183,"column":5}},"type":"if","locations":[{"start":{"line":175,"column":4},"end":{"line":183,"column":5}},{"start":{},"end":{}}],"line":175},"18":{"loc":{"start":{"line":177,"column":8},"end":{"line":181,"column":9}},"type":"if","locations":[{"start":{"line":177,"column":8},"end":{"line":181,"column":9}},{"start":{},"end":{}}],"line":177},"19":{"loc":{"start":{"line":190,"column":6},"end":{"line":195,"column":7}},"type":"if","locations":[{"start":{"line":190,"column":6},"end":{"line":195,"column":7}},{"start":{},"end":{}}],"line":190},"20":{"loc":{"start":{"line":212,"column":4},"end":{"line":223,"column":5}},"type":"if","locations":[{"start":{"line":212,"column":4},"end":{"line":223,"column":5}},{"start":{},"end":{}}],"line":212},"21":{"loc":{"start":{"line":228,"column":4},"end":{"line":244,"column":5}},"type":"if","locations":[{"start":{"line":228,"column":4},"end":{"line":244,"column":5}},{"start":{},"end":{}}],"line":228},"22":{"loc":{"start":{"line":247,"column":40},"end":{"line":247,"column":51}},"type":"default-arg","locations":[{"start":{"line":247,"column":49},"end":{"line":247,"column":51}}],"line":247},"23":{"loc":{"start":{"line":249,"column":4},"end":{"line":251,"column":5}},"type":"if","locations":[{"start":{"line":249,"column":4},"end":{"line":251,"column":5}},{"start":{},"end":{}}],"line":249},"24":{"loc":{"start":{"line":253,"column":4},"end":{"line":253,"column":75}},"type":"if","locations":[{"start":{"line":253,"column":4},"end":{"line":253,"column":75}},{"start":{},"end":{}}],"line":253},"25":{"loc":{"start":{"line":255,"column":4},"end":{"line":257,"column":5}},"type":"if","locations":[{"start":{"line":255,"column":4},"end":{"line":257,"column":5}},{"start":{},"end":{}}],"line":255},"26":{"loc":{"start":{"line":258,"column":4},"end":{"line":260,"column":5}},"type":"if","locations":[{"start":{"line":258,"column":4},"end":{"line":260,"column":5}},{"start":{},"end":{}}],"line":258},"27":{"loc":{"start":{"line":261,"column":4},"end":{"line":263,"column":5}},"type":"if","locations":[{"start":{"line":261,"column":4},"end":{"line":263,"column":5}},{"start":{},"end":{}}],"line":261},"28":{"loc":{"start":{"line":264,"column":4},"end":{"line":266,"column":5}},"type":"if","locations":[{"start":{"line":264,"column":4},"end":{"line":266,"column":5}},{"start":{},"end":{}}],"line":264},"29":{"loc":{"start":{"line":268,"column":4},"end":{"line":281,"column":5}},"type":"if","locations":[{"start":{"line":268,"column":4},"end":{"line":281,"column":5}},{"start":{},"end":{}}],"line":268},"30":{"loc":{"start":{"line":269,"column":6},"end":{"line":272,"column":7}},"type":"if","locations":[{"start":{"line":269,"column":6},"end":{"line":272,"column":7}},{"start":{},"end":{}}],"line":269},"31":{"loc":{"start":{"line":274,"column":6},"end":{"line":280,"column":7}},"type":"if","locations":[{"start":{"line":274,"column":6},"end":{"line":280,"column":7}},{"start":{"line":277,"column":13},"end":{"line":280,"column":7}}],"line":274}},"s":{"0":1,"1":1,"2":1,"3":1,"4":1,"5":1,"6":1,"7":1,"8":1,"9":1,"10":1,"11":1,"12":1,"13":1,"14":1,"15":1,"16":1,"17":0,"18":1,"19":1,"20":0,"21":0,"22":0,"23":0,"24":0,"25":0,"26":1,"27":0,"28":0,"29":0,"30":0,"31":0,"32":0,"33":0,"34":0,"35":0,"36":0,"37":0,"38":0,"39":0,"40":0,"41":0,"42":0,"43":0,"44":0,"45":0,"46":0,"47":0,"48":0,"49":0,"50":0,"51":0,"52":0,"53":0,"54":0,"55":0,"56":0,"57":0,"58":0,"59":0,"60":0,"61":0,"62":0,"63":0,"64":0,"65":0,"66":0,"67":0,"68":0,"69":0,"70":0,"71":0,"72":0,"73":0,"74":0,"75":0,"76":0,"77":0,"78":0,"79":0,"80":0,"81":0,"82":0,"83":0,"84":0,"85":0,"86":0,"87":0,"88":0,"89":0,"90":0,"91":0,"92":0,"93":0,"94":0,"95":0,"96":0,"97":0,"98":0,"99":0,"100":0,"101":0,"102":0,"103":0,"104":0,"105":0,"106":0,"107":0,"108":0,"109":0,"110":0,"111":0,"112":0,"113":0,"114":0,"115":0,"116":0,"117":0,"118":0,"119":0,"120":0,"121":0,"122":0,"123":0,"124":0,"125":1},"f":{"0":1,"1":1,"2":0,"3":1,"4":1,"5":0,"6":0,"7":0,"8":0,"9":0,"10":0,"11":0,"12":0,"13":0,"14":0,"15":0,"16":0,"17":0,"18":0,"19":0,"20":0,"21":0,"22":0,"23":0,"24":0},"b":{"0":[0,1],"1":[0,0],"2":[0,0],"3":[0,0],"4":[0,0],"5":[0,0],"6":[0,0],"7":[0,0],"8":[0,0],"9":[0,0],"10":[0,0],"11":[0,0],"12":[0,0],"13":[0],"14":[0,0],"15":[0,0],"16":[0,0],"17":[0,0],"18":[0,0],"19":[0,0],"20":[0,0],"21":[0,0],"22":[0],"23":[0,0],"24":[0,0],"25":[0,0],"26":[0,0],"27":[0,0],"28":[0,0],"29":[0,0],"30":[0,0],"31":[0,0]},"_coverageSchema":"1a1c01bbd47fc00a2c39e90264f33305004495a9","hash":"a8e807f6931a0a9cf099c831543744d926dc3cb9"}
,"C:\\Users\\Koders\\Desktop\\Payments-Backend\\src\\helper.js": {"path":"C:\\Users\\Koders\\Desktop\\Payments-Backend\\src\\helper.js","statementMap":{"0":{"start":{"line":1,"column":0},"end":{"line":1,"column":26}},"1":{"start":{"line":3,"column":15},"end":{"line":3,"column":33}},"2":{"start":{"line":4,"column":16},"end":{"line":4,"column":34}},"3":{"start":{"line":5,"column":53},"end":{"line":5,"column":71}},"4":{"start":{"line":7,"column":25},"end":{"line":35,"column":1}},"5":{"start":{"line":8,"column":24},"end":{"line":8,"column":26}},"6":{"start":{"line":9,"column":2},"end":{"line":33,"column":3}},"7":{"start":{"line":10,"column":29},"end":{"line":13,"column":5}},"8":{"start":{"line":14,"column":4},"end":{"line":29,"column":5}},"9":{"start":{"line":15,"column":26},"end":{"line":15,"column":30}},"10":{"start":{"line":16,"column":6},"end":{"line":27,"column":7}},"11":{"start":{"line":28,"column":6},"end":{"line":28,"column":26}},"12":{"start":{"line":31,"column":4},"end":{"line":31,"column":51}},"13":{"start":{"line":32,"column":4},"end":{"line":32,"column":15}},"14":{"start":{"line":34,"column":2},"end":{"line":34,"column":13}},"15":{"start":{"line":37,"column":25},"end":{"line":47,"column":1}},"16":{"start":{"line":38,"column":2},"end":{"line":46,"column":3}},"17":{"start":{"line":39,"column":4},"end":{"line":42,"column":5}},"18":{"start":{"line":44,"column":4},"end":{"line":44,"column":79}},"19":{"start":{"line":45,"column":4},"end":{"line":45,"column":15}},"20":{"start":{"line":49,"column":29},"end":{"line":77,"column":1}},"21":{"start":{"line":50,"column":25},"end":{"line":50,"column":27}},"22":{"start":{"line":51,"column":19},"end":{"line":51,"column":68}},"23":{"start":{"line":52,"column":17},"end":{"line":52,"column":37}},"24":{"start":{"line":53,"column":2},"end":{"line":75,"column":3}},"25":{"start":{"line":54,"column":4},"end":{"line":74,"column":5}},"26":{"start":{"line":55,"column":6},"end":{"line":70,"column":7}},"27":{"start":{"line":56,"column":8},"end":{"line":59,"column":9}},"28":{"start":{"line":61,"column":8},"end":{"line":69,"column":9}},"29":{"start":{"line":72,"column":6},"end":{"line":72,"column":77}},"30":{"start":{"line":73,"column":6},"end":{"line":73,"column":17}},"31":{"start":{"line":76,"column":2},"end":{"line":76,"column":23}},"32":{"start":{"line":79,"column":23},"end":{"line":91,"column":1}},"33":{"start":{"line":80,"column":2},"end":{"line":90,"column":3}},"34":{"start":{"line":81,"column":29},"end":{"line":81,"column":83}},"35":{"start":{"line":82,"column":4},"end":{"line":86,"column":5}},"36":{"start":{"line":83,"column":6},"end":{"line":83,"column":17}},"37":{"start":{"line":85,"column":6},"end":{"line":85,"column":17}},"38":{"start":{"line":88,"column":4},"end":{"line":88,"column":79}},"39":{"start":{"line":89,"column":4},"end":{"line":89,"column":15}},"40":{"start":{"line":93,"column":33},"end":{"line":122,"column":1}},"41":{"start":{"line":94,"column":2},"end":{"line":121,"column":3}},"42":{"start":{"line":95,"column":20},"end":{"line":95,"column":48}},"43":{"start":{"line":96,"column":21},"end":{"line":96,"column":37}},"44":{"start":{"line":97,"column":26},"end":{"line":97,"column":28}},"45":{"start":{"line":98,"column":4},"end":{"line":116,"column":5}},"46":{"start":{"line":99,"column":6},"end":{"line":101,"column":7}},"47":{"start":{"line":100,"column":8},"end":{"line":100,"column":16}},"48":{"start":{"line":102,"column":6},"end":{"line":102,"column":37}},"49":{"start":{"line":103,"column":23},"end":{"line":103,"column":73}},"50":{"start":{"line":104,"column":21},"end":{"line":104,"column":41}},"51":{"start":{"line":105,"column":25},"end":{"line":105,"column":26}},"52":{"start":{"line":106,"column":6},"end":{"line":115,"column":7}},"53":{"start":{"line":107,"column":8},"end":{"line":110,"column":9}},"54":{"start":{"line":108,"column":10},"end":{"line":108,"column":57}},"55":{"start":{"line":109,"column":10},"end":{"line":109,"column":27}},"56":{"start":{"line":111,"column":8},"end":{"line":114,"column":9}},"57":{"start":{"line":112,"column":10},"end":{"line":112,"column":53}},"58":{"start":{"line":113,"column":10},"end":{"line":113,"column":78}},"59":{"start":{"line":117,"column":4},"end":{"line":117,"column":24}},"60":{"start":{"line":119,"column":4},"end":{"line":119,"column":79}},"61":{"start":{"line":120,"column":4},"end":{"line":120,"column":15}},"62":{"start":{"line":124,"column":23},"end":{"line":146,"column":1}},"63":{"start":{"line":125,"column":2},"end":{"line":145,"column":3}},"64":{"start":{"line":126,"column":29},"end":{"line":129,"column":5}},"65":{"start":{"line":131,"column":24},"end":{"line":131,"column":26}},"66":{"start":{"line":132,"column":4},"end":{"line":141,"column":5}},"67":{"start":{"line":133,"column":26},"end":{"line":133,"column":30}},"68":{"start":{"line":134,"column":6},"end":{"line":134,"column":44}},"69":{"start":{"line":135,"column":6},"end":{"line":135,"column":51}},"70":{"start":{"line":136,"column":6},"end":{"line":139,"column":7}},"71":{"start":{"line":140,"column":6},"end":{"line":140,"column":24}},"72":{"start":{"line":143,"column":4},"end":{"line":143,"column":24}},"73":{"start":{"line":144,"column":4},"end":{"line":144,"column":15}},"74":{"start":{"line":148,"column":18},"end":{"line":176,"column":1}},"75":{"start":{"line":149,"column":15},"end":{"line":149,"column":16}},"76":{"start":{"line":150,"column":2},"end":{"line":173,"column":3}},"77":{"start":{"line":151,"column":4},"end":{"line":151,"column":22}},"78":{"start":{"line":152,"column":4},"end":{"line":172,"column":5}},"79":{"start":{"line":153,"column":23},"end":{"line":156,"column":7}},"80":{"start":{"line":158,"column":16},"end":{"line":158,"column":34}},"81":{"start":{"line":159,"column":25},"end":{"line":159,"column":55}},"82":{"start":{"line":160,"column":6},"end":{"line":167,"column":7}},"83":{"start":{"line":161,"column":19},"end":{"line":161,"column":32}},"84":{"start":{"line":162,"column":8},"end":{"line":166,"column":9}},"85":{"start":{"line":163,"column":10},"end":{"line":165,"column":11}},"86":{"start":{"line":169,"column":6},"end":{"line":169,"column":26}},"87":{"start":{"line":170,"column":6},"end":{"line":170,"column":79}},"88":{"start":{"line":171,"column":6},"end":{"line":171,"column":17}},"89":{"start":{"line":174,"column":2},"end":{"line":174,"column":21}},"90":{"start":{"line":175,"column":2},"end":{"line":175,"column":15}},"91":{"start":{"line":178,"column":21},"end":{"line":213,"column":1}},"92":{"start":{"line":179,"column":2},"end":{"line":212,"column":3}},"93":{"start":{"line":180,"column":20},"end":{"line":180,"column":22}},"94":{"start":{"line":181,"column":24},"end":{"line":181,"column":71}},"95":{"start":{"line":182,"column":30},"end":{"line":185,"column":5}},"96":{"start":{"line":187,"column":4},"end":{"line":187,"column":48}},"97":{"start":{"line":189,"column":23},"end":{"line":189,"column":25}},"98":{"start":{"line":190,"column":4},"end":{"line":203,"column":5}},"99":{"start":{"line":191,"column":28},"end":{"line":191,"column":69}},"100":{"start":{"line":192,"column":6},"end":{"line":202,"column":7}},"101":{"start":{"line":204,"column":4},"end":{"line":204,"column":54}},"102":{"start":{"line":205,"column":4},"end":{"line":205,"column":18}},"103":{"start":{"line":207,"column":4},"end":{"line":210,"column":5}},"104":{"start":{"line":211,"column":4},"end":{"line":211,"column":15}},"105":{"start":{"line":215,"column":26},"end":{"line":233,"column":1}},"106":{"start":{"line":216,"column":2},"end":{"line":216,"column":40}},"107":{"start":{"line":216,"column":28},"end":{"line":216,"column":40}},"108":{"start":{"line":217,"column":2},"end":{"line":231,"column":3}},"109":{"start":{"line":218,"column":29},"end":{"line":221,"column":5}},"110":{"start":{"line":222,"column":4},"end":{"line":230,"column":5}},"111":{"start":{"line":223,"column":19},"end":{"line":223,"column":34}},"112":{"start":{"line":224,"column":6},"end":{"line":224,"column":23}},"113":{"start":{"line":225,"column":6},"end":{"line":229,"column":7}},"114":{"start":{"line":226,"column":8},"end":{"line":228,"column":9}},"115":{"start":{"line":227,"column":10},"end":{"line":227,"column":21}},"116":{"start":{"line":232,"column":2},"end":{"line":232,"column":14}},"117":{"start":{"line":239,"column":2},"end":{"line":265,"column":3}},"118":{"start":{"line":240,"column":4},"end":{"line":240,"column":29}},"119":{"start":{"line":240,"column":18},"end":{"line":240,"column":29}},"120":{"start":{"line":241,"column":27},"end":{"line":241,"column":79}},"121":{"start":{"line":242,"column":4},"end":{"line":261,"column":22}},"122":{"start":{"line":243,"column":27},"end":{"line":245,"column":7}},"123":{"start":{"line":244,"column":18},"end":{"line":244,"column":44}},"124":{"start":{"line":246,"column":29},"end":{"line":249,"column":7}},"125":{"start":{"line":250,"column":6},"end":{"line":260,"column":24}},"126":{"start":{"line":251,"column":31},"end":{"line":254,"column":9}},"127":{"start":{"line":255,"column":8},"end":{"line":259,"column":9}},"128":{"start":{"line":260,"column":13},"end":{"line":260,"column":24}},"129":{"start":{"line":261,"column":11},"end":{"line":261,"column":22}},"130":{"start":{"line":263,"column":4},"end":{"line":263,"column":22}},"131":{"start":{"line":264,"column":4},"end":{"line":264,"column":15}},"132":{"start":{"line":268,"column":0},"end":{"line":278,"column":1}}},"fnMap":{"0":{"name":"(anonymous_0)","decl":{"start":{"line":7,"column":25},"end":{"line":7,"column":26}},"loc":{"start":{"line":7,"column":54},"end":{"line":35,"column":1}},"line":7},"1":{"name":"(anonymous_1)","decl":{"start":{"line":37,"column":25},"end":{"line":37,"column":26}},"loc":{"start":{"line":37,"column":62},"end":{"line":47,"column":1}},"line":37},"2":{"name":"(anonymous_2)","decl":{"start":{"line":49,"column":29},"end":{"line":49,"column":30}},"loc":{"start":{"line":49,"column":66},"end":{"line":77,"column":1}},"line":49},"3":{"name":"(anonymous_3)","decl":{"start":{"line":79,"column":23},"end":{"line":79,"column":24}},"loc":{"start":{"line":79,"column":41},"end":{"line":91,"column":1}},"line":79},"4":{"name":"(anonymous_4)","decl":{"start":{"line":93,"column":33},"end":{"line":93,"column":34}},"loc":{"start":{"line":93,"column":77},"end":{"line":122,"column":1}},"line":93},"5":{"name":"(anonymous_5)","decl":{"start":{"line":124,"column":23},"end":{"line":124,"column":24}},"loc":{"start":{"line":124,"column":60},"end":{"line":146,"column":1}},"line":124},"6":{"name":"(anonymous_6)","decl":{"start":{"line":148,"column":18},"end":{"line":148,"column":19}},"loc":{"start":{"line":148,"column":54},"end":{"line":176,"column":1}},"line":148},"7":{"name":"(anonymous_7)","decl":{"start":{"line":178,"column":21},"end":{"line":178,"column":22}},"loc":{"start":{"line":178,"column":58},"end":{"line":213,"column":1}},"line":178},"8":{"name":"(anonymous_8)","decl":{"start":{"line":215,"column":26},"end":{"line":215,"column":27}},"loc":{"start":{"line":215,"column":64},"end":{"line":233,"column":1}},"line":215},"9":{"name":"getInvoiceDetails","decl":{"start":{"line":238,"column":15},"end":{"line":238,"column":32}},"loc":{"start":{"line":238,"column":51},"end":{"line":266,"column":1}},"line":238},"10":{"name":"(anonymous_10)","decl":{"start":{"line":244,"column":8},"end":{"line":244,"column":9}},"loc":{"start":{"line":244,"column":18},"end":{"line":244,"column":44}},"line":244}},"branchMap":{"0":{"loc":{"start":{"line":14,"column":4},"end":{"line":29,"column":5}},"type":"if","locations":[{"start":{"line":14,"column":4},"end":{"line":29,"column":5}},{"start":{},"end":{}}],"line":14},"1":{"loc":{"start":{"line":55,"column":6},"end":{"line":70,"column":7}},"type":"if","locations":[{"start":{"line":55,"column":6},"end":{"line":70,"column":7}},{"start":{"line":60,"column":13},"end":{"line":70,"column":7}}],"line":55},"2":{"loc":{"start":{"line":82,"column":4},"end":{"line":86,"column":5}},"type":"if","locations":[{"start":{"line":82,"column":4},"end":{"line":86,"column":5}},{"start":{"line":84,"column":11},"end":{"line":86,"column":5}}],"line":82},"3":{"loc":{"start":{"line":93,"column":48},"end":{"line":93,"column":72}},"type":"default-arg","locations":[{"start":{"line":93,"column":70},"end":{"line":93,"column":72}}],"line":93},"4":{"loc":{"start":{"line":99,"column":6},"end":{"line":101,"column":7}},"type":"if","locations":[{"start":{"line":99,"column":6},"end":{"line":101,"column":7}},{"start":{},"end":{}}],"line":99},"5":{"loc":{"start":{"line":106,"column":6},"end":{"line":115,"column":7}},"type":"if","locations":[{"start":{"line":106,"column":6},"end":{"line":115,"column":7}},{"start":{},"end":{}}],"line":106},"6":{"loc":{"start":{"line":111,"column":8},"end":{"line":114,"column":9}},"type":"if","locations":[{"start":{"line":111,"column":8},"end":{"line":114,"column":9}},{"start":{},"end":{}}],"line":111},"7":{"loc":{"start":{"line":132,"column":4},"end":{"line":141,"column":5}},"type":"if","locations":[{"start":{"line":132,"column":4},"end":{"line":141,"column":5}},{"start":{},"end":{}}],"line":132},"8":{"loc":{"start":{"line":162,"column":8},"end":{"line":166,"column":9}},"type":"if","locations":[{"start":{"line":162,"column":8},"end":{"line":166,"column":9}},{"start":{},"end":{}}],"line":162},"9":{"loc":{"start":{"line":216,"column":2},"end":{"line":216,"column":40}},"type":"if","locations":[{"start":{"line":216,"column":2},"end":{"line":216,"column":40}},{"start":{},"end":{}}],"line":216},"10":{"loc":{"start":{"line":222,"column":4},"end":{"line":230,"column":5}},"type":"if","locations":[{"start":{"line":222,"column":4},"end":{"line":230,"column":5}},{"start":{},"end":{}}],"line":222},"11":{"loc":{"start":{"line":226,"column":8},"end":{"line":228,"column":9}},"type":"if","locations":[{"start":{"line":226,"column":8},"end":{"line":228,"column":9}},{"start":{},"end":{}}],"line":226},"12":{"loc":{"start":{"line":240,"column":4},"end":{"line":240,"column":29}},"type":"if","locations":[{"start":{"line":240,"column":4},"end":{"line":240,"column":29}},{"start":{},"end":{}}],"line":240},"13":{"loc":{"start":{"line":242,"column":4},"end":{"line":261,"column":22}},"type":"if","locations":[{"start":{"line":242,"column":4},"end":{"line":261,"column":22}},{"start":{"line":261,"column":11},"end":{"line":261,"column":22}}],"line":242},"14":{"loc":{"start":{"line":250,"column":6},"end":{"line":260,"column":24}},"type":"if","locations":[{"start":{"line":250,"column":6},"end":{"line":260,"column":24}},{"start":{"line":260,"column":13},"end":{"line":260,"column":24}}],"line":250},"15":{"loc":{"start":{"line":258,"column":26},"end":{"line":258,"column":73}},"type":"cond-expr","locations":[{"start":{"line":258,"column":43},"end":{"line":258,"column":66}},{"start":{"line":258,"column":69},"end":{"line":258,"column":73}}],"line":258}},"s":{"0":2,"1":2,"2":2,"3":2,"4":2,"5":9,"6":9,"7":9,"8":9,"9":9,"10":9,"11":9,"12":0,"13":0,"14":0,"15":2,"16":5,"17":5,"18":0,"19":0,"20":2,"21":3,"22":3,"23":3,"24":3,"25":27,"26":27,"27":9,"28":18,"29":0,"30":0,"31":3,"32":2,"33":1,"34":1,"35":1,"36":1,"37":0,"38":0,"39":0,"40":2,"41":1,"42":1,"43":1,"44":1,"45":1,"46":1,"47":0,"48":1,"49":1,"50":1,"51":1,"52":1,"53":1,"54":9,"55":9,"56":1,"57":1,"58":1,"59":1,"60":0,"61":0,"62":2,"63":3,"64":3,"65":3,"66":3,"67":3,"68":3,"69":3,"70":3,"71":3,"72":0,"73":0,"74":2,"75":1,"76":1,"77":1,"78":1,"79":1,"80":1,"81":1,"82":1,"83":8,"84":8,"85":0,"86":0,"87":0,"88":0,"89":1,"90":1,"91":2,"92":2,"93":2,"94":2,"95":2,"96":2,"97":2,"98":2,"99":6,"100":6,"101":2,"102":2,"103":0,"104":0,"105":2,"106":0,"107":0,"108":0,"109":0,"110":0,"111":0,"112":0,"113":0,"114":0,"115":0,"116":0,"117":0,"118":0,"119":0,"120":0,"121":0,"122":0,"123":0,"124":0,"125":0,"126":0,"127":0,"128":0,"129":0,"130":0,"131":0,"132":2},"f":{"0":9,"1":5,"2":3,"3":1,"4":1,"5":3,"6":1,"7":2,"8":0,"9":0,"10":0},"b":{"0":[9,0],"1":[9,18],"2":[1,0],"3":[1],"4":[0,1],"5":[1,0],"6":[1,0],"7":[3,0],"8":[0,8],"9":[0,0],"10":[0,0],"11":[0,0],"12":[0,0],"13":[0,0],"14":[0,0],"15":[0,0]},"_coverageSchema":"1a1c01bbd47fc00a2c39e90264f33305004495a9","hash":"f0928729695588ab3d993d509470694f0147b070"}
,"C:\\Users\\Koders\\Desktop\\Payments-Backend\\src\\mail.js": {"path":"C:\\Users\\Koders\\Desktop\\Payments-Backend\\src\\mail.js","statementMap":{"0":{"start":{"line":1,"column":0},"end":{"line":1,"column":26}},"1":{"start":{"line":2,"column":19},"end":{"line":2,"column":40}},"2":{"start":{"line":3,"column":19},"end":{"line":3,"column":40}},"3":{"start":{"line":4,"column":11},"end":{"line":4,"column":24}},"4":{"start":{"line":7,"column":2},"end":{"line":97,"column":3}},"5":{"start":{"line":8,"column":24},"end":{"line":16,"column":6}},"6":{"start":{"line":17,"column":14},"end":{"line":17,"column":18}},"7":{"start":{"line":18,"column":4},"end":{"line":88,"column":5}},"8":{"start":{"line":19,"column":6},"end":{"line":24,"column":8}},"9":{"start":{"line":25,"column":21},"end":{"line":25,"column":73}},"10":{"start":{"line":26,"column":23},"end":{"line":26,"column":49}},"11":{"start":{"line":27,"column":19},"end":{"line":27,"column":54}},"12":{"start":{"line":28,"column":6},"end":{"line":52,"column":7}},"13":{"start":{"line":29,"column":8},"end":{"line":51,"column":10}},"14":{"start":{"line":54,"column":6},"end":{"line":59,"column":8}},"15":{"start":{"line":60,"column":21},"end":{"line":60,"column":75}},"16":{"start":{"line":61,"column":23},"end":{"line":61,"column":49}},"17":{"start":{"line":62,"column":19},"end":{"line":62,"column":54}},"18":{"start":{"line":63,"column":6},"end":{"line":87,"column":7}},"19":{"start":{"line":64,"column":8},"end":{"line":86,"column":10}},"20":{"start":{"line":89,"column":4},"end":{"line":93,"column":5}},"21":{"start":{"line":90,"column":6},"end":{"line":90,"column":26}},"22":{"start":{"line":92,"column":6},"end":{"line":92,"column":18}},"23":{"start":{"line":95,"column":4},"end":{"line":95,"column":71}},"24":{"start":{"line":96,"column":4},"end":{"line":96,"column":15}},"25":{"start":{"line":100,"column":0},"end":{"line":100,"column":26}}},"fnMap":{"0":{"name":"sendEmail","decl":{"start":{"line":6,"column":15},"end":{"line":6,"column":24}},"loc":{"start":{"line":6,"column":38},"end":{"line":98,"column":1}},"line":6}},"branchMap":{"0":{"loc":{"start":{"line":18,"column":4},"end":{"line":88,"column":5}},"type":"if","locations":[{"start":{"line":18,"column":4},"end":{"line":88,"column":5}},{"start":{"line":53,"column":11},"end":{"line":88,"column":5}}],"line":18},"1":{"loc":{"start":{"line":28,"column":6},"end":{"line":52,"column":7}},"type":"if","locations":[{"start":{"line":28,"column":6},"end":{"line":52,"column":7}},{"start":{},"end":{}}],"line":28},"2":{"loc":{"start":{"line":63,"column":6},"end":{"line":87,"column":7}},"type":"if","locations":[{"start":{"line":63,"column":6},"end":{"line":87,"column":7}},{"start":{},"end":{}}],"line":63},"3":{"loc":{"start":{"line":89,"column":4},"end":{"line":93,"column":5}},"type":"if","locations":[{"start":{"line":89,"column":4},"end":{"line":93,"column":5}},{"start":{"line":91,"column":11},"end":{"line":93,"column":5}}],"line":89},"4":{"loc":{"start":{"line":89,"column":8},"end":{"line":89,"column":55}},"type":"binary-expr","locations":[{"start":{"line":89,"column":8},"end":{"line":89,"column":22}},{"start":{"line":89,"column":26},"end":{"line":89,"column":55}}],"line":89}},"s":{"0":1,"1":1,"2":1,"3":1,"4":0,"5":0,"6":0,"7":0,"8":0,"9":0,"10":0,"11":0,"12":0,"13":0,"14":0,"15":0,"16":0,"17":0,"18":0,"19":0,"20":0,"21":0,"22":0,"23":0,"24":0,"25":1},"f":{"0":0},"b":{"0":[0,0],"1":[0,0],"2":[0,0],"3":[0,0],"4":[0,0]},"_coverageSchema":"1a1c01bbd47fc00a2c39e90264f33305004495a9","hash":"fa95b6ef0c287e26fa5967275412ff1e08b76376"}
,"C:\\Users\\Koders\\Desktop\\Payments-Backend\\src\\server.js": {"path":"C:\\Users\\Koders\\Desktop\\Payments-Backend\\src\\server.js","statementMap":{"0":{"start":{"line":1,"column":0},"end":{"line":1,"column":26}},"1":{"start":{"line":3,"column":16},"end":{"line":3,"column":34}},"2":{"start":{"line":4,"column":13},"end":{"line":4,"column":28}},"3":{"start":{"line":5,"column":12},"end":{"line":5,"column":21}},"4":{"start":{"line":6,"column":15},"end":{"line":6,"column":55}},"5":{"start":{"line":7,"column":22},"end":{"line":7,"column":41}},"6":{"start":{"line":14,"column":4},"end":{"line":14,"column":23}},"7":{"start":{"line":15,"column":18},"end":{"line":15,"column":35}},"8":{"start":{"line":17,"column":15},"end":{"line":17,"column":34}},"9":{"start":{"line":18,"column":13},"end":{"line":18,"column":17}},"10":{"start":{"line":19,"column":19},"end":{"line":19,"column":45}},"11":{"start":{"line":21,"column":20},"end":{"line":21,"column":52}},"12":{"start":{"line":23,"column":0},"end":{"line":23,"column":27}},"13":{"start":{"line":26,"column":0},"end":{"line":31,"column":1}},"14":{"start":{"line":42,"column":0},"end":{"line":42,"column":23}},"15":{"start":{"line":44,"column":0},"end":{"line":46,"column":2}},"16":{"start":{"line":45,"column":2},"end":{"line":45,"column":46}},"17":{"start":{"line":48,"column":0},"end":{"line":57,"column":2}},"18":{"start":{"line":49,"column":17},"end":{"line":49,"column":44}},"19":{"start":{"line":50,"column":2},"end":{"line":56,"column":3}},"20":{"start":{"line":51,"column":32},"end":{"line":51,"column":159}},"21":{"start":{"line":52,"column":17},"end":{"line":52,"column":76}},"22":{"start":{"line":53,"column":4},"end":{"line":53,"column":57}},"23":{"start":{"line":55,"column":4},"end":{"line":55,"column":48}},"24":{"start":{"line":59,"column":0},"end":{"line":67,"column":2}},"25":{"start":{"line":60,"column":40},"end":{"line":60,"column":48}},"26":{"start":{"line":61,"column":2},"end":{"line":66,"column":75}},"27":{"start":{"line":62,"column":17},"end":{"line":62,"column":62}},"28":{"start":{"line":63,"column":4},"end":{"line":65,"column":55}},"29":{"start":{"line":64,"column":6},"end":{"line":64,"column":60}},"30":{"start":{"line":65,"column":11},"end":{"line":65,"column":55}},"31":{"start":{"line":66,"column":9},"end":{"line":66,"column":75}},"32":{"start":{"line":69,"column":0},"end":{"line":77,"column":2}},"33":{"start":{"line":70,"column":29},"end":{"line":70,"column":37}},"34":{"start":{"line":71,"column":2},"end":{"line":76,"column":75}},"35":{"start":{"line":72,"column":19},"end":{"line":72,"column":50}},"36":{"start":{"line":73,"column":4},"end":{"line":75,"column":71}},"37":{"start":{"line":74,"column":6},"end":{"line":74,"column":50}},"38":{"start":{"line":75,"column":11},"end":{"line":75,"column":71}},"39":{"start":{"line":76,"column":9},"end":{"line":76,"column":75}},"40":{"start":{"line":103,"column":0},"end":{"line":116,"column":2}},"41":{"start":{"line":104,"column":21},"end":{"line":104,"column":34}},"42":{"start":{"line":105,"column":12},"end":{"line":105,"column":14}},"43":{"start":{"line":106,"column":2},"end":{"line":114,"column":3}},"44":{"start":{"line":107,"column":4},"end":{"line":113,"column":5}},"45":{"start":{"line":108,"column":6},"end":{"line":108,"column":24}},"46":{"start":{"line":111,"column":6},"end":{"line":111,"column":33}},"47":{"start":{"line":115,"column":2},"end":{"line":115,"column":31}},"48":{"start":{"line":118,"column":0},"end":{"line":152,"column":2}},"49":{"start":{"line":125,"column":6},"end":{"line":125,"column":14}},"50":{"start":{"line":126,"column":39},"end":{"line":129,"column":3}},"51":{"start":{"line":130,"column":2},"end":{"line":151,"column":75}},"52":{"start":{"line":131,"column":20},"end":{"line":149,"column":6}},"53":{"start":{"line":150,"column":4},"end":{"line":150,"column":68}},"54":{"start":{"line":151,"column":9},"end":{"line":151,"column":75}},"55":{"start":{"line":154,"column":0},"end":{"line":174,"column":2}},"56":{"start":{"line":155,"column":2},"end":{"line":173,"column":3}},"57":{"start":{"line":158,"column":8},"end":{"line":158,"column":16}},"58":{"start":{"line":159,"column":4},"end":{"line":164,"column":5}},"59":{"start":{"line":160,"column":6},"end":{"line":162,"column":73}},"60":{"start":{"line":163,"column":6},"end":{"line":163,"column":12}},"61":{"start":{"line":165,"column":21},"end":{"line":165,"column":61}},"62":{"start":{"line":166,"column":4},"end":{"line":170,"column":5}},"63":{"start":{"line":167,"column":6},"end":{"line":167,"column":64}},"64":{"start":{"line":169,"column":6},"end":{"line":169,"column":36}},"65":{"start":{"line":172,"column":4},"end":{"line":172,"column":62}},"66":{"start":{"line":176,"column":0},"end":{"line":197,"column":2}},"67":{"start":{"line":177,"column":19},"end":{"line":177,"column":27}},"68":{"start":{"line":178,"column":17},"end":{"line":178,"column":21}},"69":{"start":{"line":179,"column":2},"end":{"line":187,"column":58}},"70":{"start":{"line":180,"column":4},"end":{"line":184,"column":5}},"71":{"start":{"line":181,"column":6},"end":{"line":181,"column":38}},"72":{"start":{"line":183,"column":6},"end":{"line":183,"column":71}},"73":{"start":{"line":185,"column":9},"end":{"line":187,"column":58}},"74":{"start":{"line":186,"column":4},"end":{"line":186,"column":36}},"75":{"start":{"line":187,"column":9},"end":{"line":187,"column":58}},"76":{"start":{"line":188,"column":2},"end":{"line":196,"column":3}},"77":{"start":{"line":189,"column":4},"end":{"line":191,"column":73}},"78":{"start":{"line":192,"column":9},"end":{"line":196,"column":3}},"79":{"start":{"line":193,"column":4},"end":{"line":193,"column":63}},"80":{"start":{"line":195,"column":4},"end":{"line":195,"column":73}},"81":{"start":{"line":199,"column":0},"end":{"line":202,"column":2}},"82":{"start":{"line":200,"column":14},"end":{"line":200,"column":95}},"83":{"start":{"line":201,"column":2},"end":{"line":201,"column":27}},"84":{"start":{"line":204,"column":0},"end":{"line":206,"column":2}},"85":{"start":{"line":205,"column":2},"end":{"line":205,"column":62}},"86":{"start":{"line":208,"column":0},"end":{"line":208,"column":20}}},"fnMap":{"0":{"name":"(anonymous_0)","decl":{"start":{"line":44,"column":13},"end":{"line":44,"column":14}},"loc":{"start":{"line":44,"column":25},"end":{"line":46,"column":1}},"line":44},"1":{"name":"(anonymous_1)","decl":{"start":{"line":48,"column":19},"end":{"line":48,"column":20}},"loc":{"start":{"line":48,"column":37},"end":{"line":57,"column":1}},"line":48},"2":{"name":"(anonymous_2)","decl":{"start":{"line":59,"column":25},"end":{"line":59,"column":26}},"loc":{"start":{"line":59,"column":45},"end":{"line":67,"column":1}},"line":59},"3":{"name":"(anonymous_3)","decl":{"start":{"line":69,"column":24},"end":{"line":69,"column":25}},"loc":{"start":{"line":69,"column":44},"end":{"line":77,"column":1}},"line":69},"4":{"name":"(anonymous_4)","decl":{"start":{"line":103,"column":32},"end":{"line":103,"column":33}},"loc":{"start":{"line":103,"column":46},"end":{"line":116,"column":1}},"line":103},"5":{"name":"(anonymous_5)","decl":{"start":{"line":118,"column":22},"end":{"line":118,"column":23}},"loc":{"start":{"line":118,"column":42},"end":{"line":152,"column":1}},"line":118},"6":{"name":"(anonymous_6)","decl":{"start":{"line":154,"column":21},"end":{"line":154,"column":22}},"loc":{"start":{"line":154,"column":41},"end":{"line":174,"column":1}},"line":154},"7":{"name":"(anonymous_7)","decl":{"start":{"line":176,"column":24},"end":{"line":176,"column":25}},"loc":{"start":{"line":176,"column":44},"end":{"line":197,"column":1}},"line":176},"8":{"name":"(anonymous_8)","decl":{"start":{"line":199,"column":13},"end":{"line":199,"column":14}},"loc":{"start":{"line":199,"column":33},"end":{"line":202,"column":1}},"line":199},"9":{"name":"(anonymous_9)","decl":{"start":{"line":204,"column":17},"end":{"line":204,"column":18}},"loc":{"start":{"line":204,"column":23},"end":{"line":206,"column":1}},"line":204}},"branchMap":{"0":{"loc":{"start":{"line":50,"column":2},"end":{"line":56,"column":3}},"type":"if","locations":[{"start":{"line":50,"column":2},"end":{"line":56,"column":3}},{"start":{"line":54,"column":9},"end":{"line":56,"column":3}}],"line":50},"1":{"loc":{"start":{"line":61,"column":2},"end":{"line":66,"column":75}},"type":"if","locations":[{"start":{"line":61,"column":2},"end":{"line":66,"column":75}},{"start":{"line":66,"column":9},"end":{"line":66,"column":75}}],"line":61},"2":{"loc":{"start":{"line":61,"column":6},"end":{"line":61,"column":33}},"type":"binary-expr","locations":[{"start":{"line":61,"column":6},"end":{"line":61,"column":12}},{"start":{"line":61,"column":16},"end":{"line":61,"column":33}}],"line":61},"3":{"loc":{"start":{"line":63,"column":4},"end":{"line":65,"column":55}},"type":"if","locations":[{"start":{"line":63,"column":4},"end":{"line":65,"column":55}},{"start":{"line":65,"column":11},"end":{"line":65,"column":55}}],"line":63},"4":{"loc":{"start":{"line":63,"column":8},"end":{"line":63,"column":44}},"type":"binary-expr","locations":[{"start":{"line":63,"column":8},"end":{"line":63,"column":21}},{"start":{"line":63,"column":25},"end":{"line":63,"column":44}}],"line":63},"5":{"loc":{"start":{"line":71,"column":2},"end":{"line":76,"column":75}},"type":"if","locations":[{"start":{"line":71,"column":2},"end":{"line":76,"column":75}},{"start":{"line":76,"column":9},"end":{"line":76,"column":75}}],"line":71},"6":{"loc":{"start":{"line":71,"column":6},"end":{"line":71,"column":22}},"type":"binary-expr","locations":[{"start":{"line":71,"column":6},"end":{"line":71,"column":12}},{"start":{"line":71,"column":16},"end":{"line":71,"column":22}}],"line":71},"7":{"loc":{"start":{"line":73,"column":4},"end":{"line":75,"column":71}},"type":"if","locations":[{"start":{"line":73,"column":4},"end":{"line":75,"column":71}},{"start":{"line":75,"column":11},"end":{"line":75,"column":71}}],"line":73},"8":{"loc":{"start":{"line":73,"column":8},"end":{"line":73,"column":48}},"type":"binary-expr","locations":[{"start":{"line":73,"column":8},"end":{"line":73,"column":23}},{"start":{"line":73,"column":27},"end":{"line":73,"column":48}}],"line":73},"9":{"loc":{"start":{"line":106,"column":2},"end":{"line":114,"column":3}},"type":"if","locations":[{"start":{"line":106,"column":2},"end":{"line":114,"column":3}},{"start":{},"end":{}}],"line":106},"10":{"loc":{"start":{"line":107,"column":4},"end":{"line":113,"column":5}},"type":"if","locations":[{"start":{"line":107,"column":4},"end":{"line":113,"column":5}},{"start":{"line":109,"column":11},"end":{"line":113,"column":5}}],"line":107},"11":{"loc":{"start":{"line":130,"column":2},"end":{"line":151,"column":75}},"type":"if","locations":[{"start":{"line":130,"column":2},"end":{"line":151,"column":75}},{"start":{"line":151,"column":9},"end":{"line":151,"column":75}}],"line":130},"12":{"loc":{"start":{"line":130,"column":6},"end":{"line":130,"column":47}},"type":"binary-expr","locations":[{"start":{"line":130,"column":7},"end":{"line":130,"column":21}},{"start":{"line":130,"column":25},"end":{"line":130,"column":31}},{"start":{"line":130,"column":36},"end":{"line":130,"column":47}}],"line":130},"13":{"loc":{"start":{"line":159,"column":4},"end":{"line":164,"column":5}},"type":"if","locations":[{"start":{"line":159,"column":4},"end":{"line":164,"column":5}},{"start":{},"end":{}}],"line":159},"14":{"loc":{"start":{"line":159,"column":8},"end":{"line":159,"column":27}},"type":"binary-expr","locations":[{"start":{"line":159,"column":8},"end":{"line":159,"column":16}},{"start":{"line":159,"column":20},"end":{"line":159,"column":27}}],"line":159},"15":{"loc":{"start":{"line":166,"column":4},"end":{"line":170,"column":5}},"type":"if","locations":[{"start":{"line":166,"column":4},"end":{"line":170,"column":5}},{"start":{"line":168,"column":11},"end":{"line":170,"column":5}}],"line":166},"16":{"loc":{"start":{"line":179,"column":2},"end":{"line":187,"column":58}},"type":"if","locations":[{"start":{"line":179,"column":2},"end":{"line":187,"column":58}},{"start":{"line":185,"column":9},"end":{"line":187,"column":58}}],"line":179},"17":{"loc":{"start":{"line":180,"column":4},"end":{"line":184,"column":5}},"type":"if","locations":[{"start":{"line":180,"column":4},"end":{"line":184,"column":5}},{"start":{"line":182,"column":11},"end":{"line":184,"column":5}}],"line":180},"18":{"loc":{"start":{"line":180,"column":8},"end":{"line":180,"column":65}},"type":"binary-expr","locations":[{"start":{"line":180,"column":8},"end":{"line":180,"column":18}},{"start":{"line":180,"column":22},"end":{"line":180,"column":33}},{"start":{"line":180,"column":37},"end":{"line":180,"column":50}},{"start":{"line":180,"column":54},"end":{"line":180,"column":65}}],"line":180},"19":{"loc":{"start":{"line":185,"column":9},"end":{"line":187,"column":58}},"type":"if","locations":[{"start":{"line":185,"column":9},"end":{"line":187,"column":58}},{"start":{"line":187,"column":9},"end":{"line":187,"column":58}}],"line":185},"20":{"loc":{"start":{"line":185,"column":13},"end":{"line":185,"column":57}},"type":"binary-expr","locations":[{"start":{"line":185,"column":13},"end":{"line":185,"column":42}},{"start":{"line":185,"column":46},"end":{"line":185,"column":57}}],"line":185},"21":{"loc":{"start":{"line":188,"column":2},"end":{"line":196,"column":3}},"type":"if","locations":[{"start":{"line":188,"column":2},"end":{"line":196,"column":3}},{"start":{"line":192,"column":9},"end":{"line":196,"column":3}}],"line":188},"22":{"loc":{"start":{"line":192,"column":9},"end":{"line":196,"column":3}},"type":"if","locations":[{"start":{"line":192,"column":9},"end":{"line":196,"column":3}},{"start":{"line":194,"column":9},"end":{"line":196,"column":3}}],"line":192}},"s":{"0":1,"1":1,"2":1,"3":1,"4":1,"5":1,"6":1,"7":1,"8":1,"9":1,"10":1,"11":1,"12":1,"13":1,"14":1,"15":1,"16":0,"17":1,"18":0,"19":0,"20":0,"21":0,"22":0,"23":0,"24":1,"25":1,"26":1,"27":0,"28":0,"29":0,"30":0,"31":1,"32":1,"33":1,"34":1,"35":1,"36":1,"37":0,"38":1,"39":0,"40":1,"41":0,"42":0,"43":0,"44":0,"45":0,"46":0,"47":0,"48":1,"49":0,"50":0,"51":0,"52":0,"53":0,"54":0,"55":1,"56":1,"57":1,"58":0,"59":0,"60":0,"61":0,"62":0,"63":0,"64":0,"65":1,"66":1,"67":0,"68":0,"69":0,"70":0,"71":0,"72":0,"73":0,"74":0,"75":0,"76":0,"77":0,"78":0,"79":0,"80":0,"81":1,"82":0,"83":0,"84":1,"85":1,"86":1},"f":{"0":0,"1":0,"2":1,"3":1,"4":0,"5":0,"6":1,"7":0,"8":0,"9":1},"b":{"0":[0,0],"1":[0,1],"2":[1,1],"3":[0,0],"4":[0,0],"5":[1,0],"6":[1,1],"7":[0,1],"8":[1,0],"9":[0,0],"10":[0,0],"11":[0,0],"12":[0,0,0],"13":[0,0],"14":[0,0],"15":[0,0],"16":[0,0],"17":[0,0],"18":[0,0,0,0],"19":[0,0],"20":[0,0],"21":[0,0],"22":[0,0]},"_coverageSchema":"1a1c01bbd47fc00a2c39e90264f33305004495a9","hash":"ff0bbf97c3afe82e87b34fae8b193376b6285d05"}
,"C:\\Users\\Koders\\Desktop\\Payments-Backend\\src\\utils.js": {"path":"C:\\Users\\Koders\\Desktop\\Payments-Backend\\src\\utils.js","statementMap":{"0":{"start":{"line":1,"column":15},"end":{"line":1,"column":33}},"1":{"start":{"line":3,"column":0},"end":{"line":3,"column":26}},"2":{"start":{"line":5,"column":19},"end":{"line":19,"column":1}},"3":{"start":{"line":6,"column":2},"end":{"line":18,"column":3}},"4":{"start":{"line":7,"column":4},"end":{"line":9,"column":5}},"5":{"start":{"line":11,"column":4},"end":{"line":17,"column":5}},"6":{"start":{"line":21,"column":26},"end":{"line":27,"column":1}},"7":{"start":{"line":22,"column":2},"end":{"line":22,"column":37}},"8":{"start":{"line":22,"column":26},"end":{"line":22,"column":37}},"9":{"start":{"line":23,"column":2},"end":{"line":25,"column":3}},"10":{"start":{"line":24,"column":4},"end":{"line":24,"column":44}},"11":{"start":{"line":24,"column":27},"end":{"line":24,"column":44}},"12":{"start":{"line":26,"column":2},"end":{"line":26,"column":13}},"13":{"start":{"line":29,"column":28},"end":{"line":35,"column":1}},"14":{"start":{"line":30,"column":15},"end":{"line":30,"column":17}},"15":{"start":{"line":31,"column":2},"end":{"line":33,"column":3}},"16":{"start":{"line":32,"column":4},"end":{"line":32,"column":39}},"17":{"start":{"line":34,"column":2},"end":{"line":34,"column":13}},"18":{"start":{"line":38,"column":2},"end":{"line":51,"column":3}},"19":{"start":{"line":39,"column":16},"end":{"line":45,"column":6}},"20":{"start":{"line":46,"column":4},"end":{"line":47,"column":20}},"21":{"start":{"line":46,"column":33},"end":{"line":46,"column":48}},"22":{"start":{"line":47,"column":9},"end":{"line":47,"column":20}},"23":{"start":{"line":49,"column":4},"end":{"line":49,"column":22}},"24":{"start":{"line":50,"column":4},"end":{"line":50,"column":15}},"25":{"start":{"line":54,"column":0},"end":{"line":59,"column":1}}},"fnMap":{"0":{"name":"(anonymous_0)","decl":{"start":{"line":5,"column":19},"end":{"line":5,"column":20}},"loc":{"start":{"line":5,"column":45},"end":{"line":19,"column":1}},"line":5},"1":{"name":"(anonymous_1)","decl":{"start":{"line":21,"column":26},"end":{"line":21,"column":27}},"loc":{"start":{"line":21,"column":52},"end":{"line":27,"column":1}},"line":21},"2":{"name":"(anonymous_2)","decl":{"start":{"line":29,"column":28},"end":{"line":29,"column":29}},"loc":{"start":{"line":29,"column":44},"end":{"line":35,"column":1}},"line":29},"3":{"name":"fetchData","decl":{"start":{"line":37,"column":15},"end":{"line":37,"column":24}},"loc":{"start":{"line":37,"column":44},"end":{"line":52,"column":1}},"line":37}},"branchMap":{"0":{"loc":{"start":{"line":5,"column":28},"end":{"line":5,"column":40}},"type":"default-arg","locations":[{"start":{"line":5,"column":35},"end":{"line":5,"column":40}}],"line":5},"1":{"loc":{"start":{"line":6,"column":2},"end":{"line":18,"column":3}},"type":"if","locations":[{"start":{"line":6,"column":2},"end":{"line":18,"column":3}},{"start":{"line":10,"column":9},"end":{"line":18,"column":3}}],"line":6},"2":{"loc":{"start":{"line":21,"column":27},"end":{"line":21,"column":37}},"type":"default-arg","locations":[{"start":{"line":21,"column":35},"end":{"line":21,"column":37}}],"line":21},"3":{"loc":{"start":{"line":21,"column":39},"end":{"line":21,"column":47}},"type":"default-arg","locations":[{"start":{"line":21,"column":45},"end":{"line":21,"column":47}}],"line":21},"4":{"loc":{"start":{"line":22,"column":2},"end":{"line":22,"column":37}},"type":"if","locations":[{"start":{"line":22,"column":2},"end":{"line":22,"column":37}},{"start":{},"end":{}}],"line":22},"5":{"loc":{"start":{"line":24,"column":4},"end":{"line":24,"column":44}},"type":"if","locations":[{"start":{"line":24,"column":4},"end":{"line":24,"column":44}},{"start":{},"end":{}}],"line":24},"6":{"loc":{"start":{"line":29,"column":29},"end":{"line":29,"column":39}},"type":"default-arg","locations":[{"start":{"line":29,"column":37},"end":{"line":29,"column":39}}],"line":29},"7":{"loc":{"start":{"line":46,"column":4},"end":{"line":47,"column":20}},"type":"if","locations":[{"start":{"line":46,"column":4},"end":{"line":47,"column":20}},{"start":{"line":47,"column":9},"end":{"line":47,"column":20}}],"line":46}},"s":{"0":2,"1":2,"2":2,"3":19,"4":18,"5":1,"6":2,"7":30,"8":0,"9":30,"10":57,"11":30,"12":0,"13":2,"14":0,"15":0,"16":0,"17":0,"18":0,"19":0,"20":0,"21":0,"22":0,"23":0,"24":0,"25":2},"f":{"0":19,"1":30,"2":0,"3":0},"b":{"0":[18],"1":[18,1],"2":[0],"3":[0],"4":[0,30],"5":[30,27],"6":[0],"7":[0,0]},"_coverageSchema":"1a1c01bbd47fc00a2c39e90264f33305004495a9","hash":"55be07775431b2ba86087ada8625eb9c827f1aab"}
}
