TN:
SF:src\axios.js
FNF:0
FNH:0
DA:1,2
DA:3,2
DA:7,2
LF:3
LH:3
BRF:0
BRH:0
end_of_record
TN:
SF:src\helper.js
FN:7,(anonymous_0)
FN:37,(anonymous_1)
FN:49,(anonymous_2)
FN:79,(anonymous_3)
FN:93,(anonymous_4)
FN:124,(anonymous_5)
FN:148,(anonymous_6)
FN:175,(anonymous_7)
FN:212,(anonymous_8)
FN:235,getInvoiceDetails
FN:241,(anonymous_10)
FNF:11
FNH:8
FNDA:9,(anonymous_0)
FNDA:5,(anonymous_1)
FNDA:3,(anonymous_2)
FNDA:1,(anonymous_3)
FNDA:1,(anonymous_4)
FNDA:3,(anonymous_5)
FNDA:2,(anonymous_6)
FNDA:2,(anonymous_7)
FNDA:0,(anonymous_8)
FNDA:0,getInvoiceDetails
FNDA:0,(anonymous_10)
DA:1,2
DA:3,2
DA:4,2
DA:5,2
DA:7,2
DA:8,9
DA:9,9
DA:10,9
DA:14,9
DA:15,9
DA:16,9
DA:28,9
DA:31,0
DA:32,0
DA:34,0
DA:37,2
DA:38,5
DA:39,5
DA:44,0
DA:45,0
DA:49,2
DA:50,3
DA:51,3
DA:52,3
DA:53,3
DA:54,27
DA:55,27
DA:56,9
DA:61,18
DA:72,0
DA:73,0
DA:76,3
DA:79,2
DA:80,1
DA:81,1
DA:82,1
DA:83,1
DA:85,0
DA:88,0
DA:89,0
DA:93,2
DA:94,1
DA:95,1
DA:96,1
DA:97,1
DA:98,1
DA:99,1
DA:100,0
DA:102,1
DA:103,1
DA:104,1
DA:105,1
DA:106,1
DA:107,1
DA:108,9
DA:109,9
DA:111,1
DA:112,1
DA:113,1
DA:117,1
DA:119,0
DA:120,0
DA:124,2
DA:125,3
DA:126,3
DA:131,3
DA:132,3
DA:133,3
DA:134,3
DA:135,3
DA:136,3
DA:140,3
DA:143,0
DA:144,0
DA:148,2
DA:149,2
DA:150,2
DA:151,2
DA:152,2
DA:157,2
DA:158,2
DA:159,2
DA:160,16
DA:161,2
DA:167,0
DA:168,0
DA:169,0
DA:172,2
DA:175,2
DA:176,2
DA:177,2
DA:178,2
DA:179,2
DA:184,2
DA:186,2
DA:187,2
DA:188,6
DA:189,6
DA:201,2
DA:202,2
DA:204,0
DA:208,0
DA:212,2
DA:213,0
DA:214,0
DA:215,0
DA:219,0
DA:220,0
DA:221,0
DA:222,0
DA:223,0
DA:224,0
DA:229,0
DA:236,0
DA:237,0
DA:238,0
DA:239,0
DA:240,0
DA:241,0
DA:243,0
DA:247,0
DA:248,0
DA:252,0
DA:257,0
DA:258,0
DA:260,0
DA:261,0
DA:265,2
LF:128
LH:84
BRDA:14,0,0,9
BRDA:14,0,1,0
BRDA:55,1,0,9
BRDA:55,1,1,18
BRDA:82,2,0,1
BRDA:82,2,1,0
BRDA:93,3,0,1
BRDA:99,4,0,0
BRDA:99,4,1,1
BRDA:106,5,0,1
BRDA:106,5,1,0
BRDA:111,6,0,1
BRDA:111,6,1,0
BRDA:132,7,0,3
BRDA:132,7,1,0
BRDA:160,8,0,2
BRDA:160,8,1,14
BRDA:213,9,0,0
BRDA:213,9,1,0
BRDA:219,10,0,0
BRDA:219,10,1,0
BRDA:223,11,0,0
BRDA:223,11,1,0
BRDA:237,12,0,0
BRDA:237,12,1,0
BRDA:239,13,0,0
BRDA:239,13,1,0
BRDA:247,14,0,0
BRDA:247,14,1,0
BRDA:255,15,0,0
BRDA:255,15,1,0
BRF:31
BRH:11
end_of_record
TN:
SF:src\mail.js
FN:6,sendEmail
FNF:1
FNH:0
FNDA:0,sendEmail
DA:1,1
DA:2,1
DA:3,1
DA:4,1
DA:7,0
DA:8,0
DA:17,0
DA:18,0
DA:19,0
DA:25,0
DA:26,0
DA:27,0
DA:28,0
DA:29,0
DA:54,0
DA:60,0
DA:61,0
DA:62,0
DA:63,0
DA:64,0
DA:89,0
DA:90,0
DA:92,0
DA:95,0
DA:96,0
DA:100,1
LF:26
LH:5
BRDA:18,0,0,0
BRDA:18,0,1,0
BRDA:28,1,0,0
BRDA:28,1,1,0
BRDA:63,2,0,0
BRDA:63,2,1,0
BRDA:89,3,0,0
BRDA:89,3,1,0
BRDA:89,4,0,0
BRDA:89,4,1,0
BRF:10
BRH:0
end_of_record
TN:
SF:src\server.js
FN:44,(anonymous_0)
FN:48,(anonymous_1)
FN:59,(anonymous_2)
FN:69,(anonymous_3)
FN:103,(anonymous_4)
FN:118,(anonymous_5)
FN:154,(anonymous_6)
FN:176,(anonymous_7)
FN:199,(anonymous_8)
FN:204,(anonymous_9)
FNF:10
FNH:4
FNDA:0,(anonymous_0)
FNDA:0,(anonymous_1)
FNDA:1,(anonymous_2)
FNDA:1,(anonymous_3)
FNDA:0,(anonymous_4)
FNDA:0,(anonymous_5)
FNDA:1,(anonymous_6)
FNDA:0,(anonymous_7)
FNDA:0,(anonymous_8)
FNDA:1,(anonymous_9)
DA:1,1
DA:3,1
DA:4,1
DA:5,1
DA:6,1
DA:14,1
DA:15,1
DA:17,1
DA:18,1
DA:19,1
DA:21,1
DA:23,1
DA:26,1
DA:42,1
DA:44,1
DA:45,0
DA:48,1
DA:49,0
DA:50,0
DA:51,0
DA:52,0
DA:53,0
DA:55,0
DA:59,1
DA:60,1
DA:61,1
DA:62,0
DA:63,0
DA:64,0
DA:65,0
DA:66,1
DA:69,1
DA:70,1
DA:71,1
DA:72,1
DA:73,1
DA:74,0
DA:75,1
DA:76,0
DA:103,1
DA:104,0
DA:105,0
DA:106,0
DA:107,0
DA:108,0
DA:111,0
DA:115,0
DA:118,1
DA:125,0
DA:126,0
DA:130,0
DA:131,0
DA:150,0
DA:151,0
DA:154,1
DA:155,1
DA:158,1
DA:159,0
DA:160,0
DA:163,0
DA:165,0
DA:166,0
DA:167,0
DA:169,0
DA:172,1
DA:176,1
DA:177,0
DA:178,0
DA:179,0
DA:180,0
DA:181,0
DA:183,0
DA:185,0
DA:186,0
DA:187,0
DA:188,0
DA:189,0
DA:192,0
DA:193,0
DA:195,0
DA:199,1
DA:200,0
DA:201,0
DA:204,1
DA:205,1
DA:208,1
LF:86
LH:37
BRDA:50,0,0,0
BRDA:50,0,1,0
BRDA:61,1,0,0
BRDA:61,1,1,1
BRDA:61,2,0,1
BRDA:61,2,1,1
BRDA:63,3,0,0
BRDA:63,3,1,0
BRDA:63,4,0,0
BRDA:63,4,1,0
BRDA:71,5,0,1
BRDA:71,5,1,0
BRDA:71,6,0,1
BRDA:71,6,1,1
BRDA:73,7,0,0
BRDA:73,7,1,1
BRDA:73,8,0,1
BRDA:73,8,1,0
BRDA:106,9,0,0
BRDA:106,9,1,0
BRDA:107,10,0,0
BRDA:107,10,1,0
BRDA:130,11,0,0
BRDA:130,11,1,0
BRDA:130,12,0,0
BRDA:130,12,1,0
BRDA:130,12,2,0
BRDA:159,13,0,0
BRDA:159,13,1,0
BRDA:159,14,0,0
BRDA:159,14,1,0
BRDA:166,15,0,0
BRDA:166,15,1,0
BRDA:179,16,0,0
BRDA:179,16,1,0
BRDA:180,17,0,0
BRDA:180,17,1,0
BRDA:180,18,0,0
BRDA:180,18,1,0
BRDA:180,18,2,0
BRDA:180,18,3,0
BRDA:185,19,0,0
BRDA:185,19,1,0
BRDA:185,20,0,0
BRDA:185,20,1,0
BRDA:188,21,0,0
BRDA:188,21,1,0
BRDA:192,22,0,0
BRDA:192,22,1,0
BRF:49
BRH:8
end_of_record
TN:
SF:src\utils.js
FN:5,(anonymous_0)
FN:21,(anonymous_1)
FN:29,(anonymous_2)
FN:37,fetchData
FNF:4
FNH:2
FNDA:20,(anonymous_0)
FNDA:30,(anonymous_1)
FNDA:0,(anonymous_2)
FNDA:0,fetchData
DA:1,2
DA:3,2
DA:5,2
DA:6,20
DA:7,18
DA:11,2
DA:21,2
DA:22,30
DA:23,30
DA:24,57
DA:26,0
DA:29,2
DA:30,0
DA:31,0
DA:32,0
DA:34,0
DA:38,0
DA:39,0
DA:46,0
DA:47,0
DA:49,0
DA:50,0
DA:54,2
LF:23
LH:12
BRDA:5,0,0,18
BRDA:6,1,0,18
BRDA:6,1,1,2
BRDA:21,2,0,0
BRDA:21,3,0,0
BRDA:22,4,0,0
BRDA:22,4,1,30
BRDA:24,5,0,30
BRDA:24,5,1,27
BRDA:29,6,0,0
BRDA:46,7,0,0
BRDA:46,7,1,0
BRF:12
BRH:6
end_of_record
