TN:
SF:src\axios.js
FNF:0
FNH:0
DA:1,2
DA:3,2
DA:7,2
LF:3
LH:3
BRF:0
BRH:0
end_of_record
TN:
SF:src\coupon.js
FN:30,(anonymous_0)
FN:41,(anonymous_1)
FN:45,(anonymous_2)
FN:51,(anonymous_3)
FN:55,(anonymous_4)
FN:69,(anonymous_5)
FN:70,(anonymous_6)
FN:72,(anonymous_7)
FN:79,(anonymous_8)
FN:85,(anonymous_9)
FN:99,(anonymous_10)
FN:113,(anonymous_11)
FN:128,(anonymous_12)
FN:132,(anonymous_13)
FN:136,(anonymous_14)
FN:156,(anonymous_15)
FN:160,(anonymous_16)
FN:168,(anonymous_17)
FN:172,(anonymous_18)
FN:188,(anonymous_19)
FN:203,(anonymous_20)
FN:207,(anonymous_21)
FN:211,(anonymous_22)
FN:227,(anonymous_23)
FN:247,(anonymous_24)
FNF:25
FNH:4
FNDA:1,(anonymous_0)
FNDA:1,(anonymous_1)
FNDA:0,(anonymous_2)
FNDA:1,(anonymous_3)
FNDA:1,(anonymous_4)
FNDA:0,(anonymous_5)
FNDA:0,(anonymous_6)
FNDA:0,(anonymous_7)
FNDA:0,(anonymous_8)
FNDA:0,(anonymous_9)
FNDA:0,(anonymous_10)
FNDA:0,(anonymous_11)
FNDA:0,(anonymous_12)
FNDA:0,(anonymous_13)
FNDA:0,(anonymous_14)
FNDA:0,(anonymous_15)
FNDA:0,(anonymous_16)
FNDA:0,(anonymous_17)
FNDA:0,(anonymous_18)
FNDA:0,(anonymous_19)
FNDA:0,(anonymous_20)
FNDA:0,(anonymous_21)
FNDA:0,(anonymous_22)
FNDA:0,(anonymous_23)
FNDA:0,(anonymous_24)
DA:1,1
DA:2,1
DA:3,1
DA:4,1
DA:5,1
DA:6,1
DA:8,1
DA:20,1
DA:31,1
DA:32,1
DA:33,1
DA:34,1
DA:35,1
DA:36,1
DA:37,1
DA:38,1
DA:42,1
DA:46,0
DA:52,1
DA:56,1
DA:57,0
DA:58,0
DA:59,0
DA:62,0
DA:63,0
DA:64,0
DA:66,1
DA:70,0
DA:71,0
DA:72,0
DA:73,0
DA:74,0
DA:80,0
DA:81,0
DA:82,0
DA:83,0
DA:84,0
DA:85,0
DA:86,0
DA:87,0
DA:89,0
DA:91,0
DA:92,0
DA:93,0
DA:94,0
DA:100,0
DA:101,0
DA:102,0
DA:103,0
DA:104,0
DA:106,0
DA:108,0
DA:109,0
DA:114,0
DA:115,0
DA:116,0
DA:117,0
DA:120,0
DA:121,0
DA:122,0
DA:123,0
DA:125,0
DA:129,0
DA:133,0
DA:137,0
DA:138,0
DA:143,0
DA:144,0
DA:145,0
DA:150,0
DA:157,0
DA:161,0
DA:162,0
DA:165,0
DA:169,0
DA:173,0
DA:174,0
DA:175,0
DA:176,0
DA:177,0
DA:178,0
DA:179,0
DA:180,0
DA:184,0
DA:185,0
DA:189,0
DA:190,0
DA:191,0
DA:197,0
DA:204,0
DA:208,0
DA:212,0
DA:213,0
DA:219,0
DA:224,0
DA:228,0
DA:229,0
DA:230,0
DA:248,0
DA:249,0
DA:250,0
DA:252,0
DA:253,0
DA:254,0
DA:255,0
DA:256,0
DA:258,0
DA:259,0
DA:261,0
DA:262,0
DA:264,0
DA:265,0
DA:267,0
DA:268,0
DA:269,0
DA:271,0
DA:274,0
DA:275,0
DA:276,0
DA:278,0
DA:279,0
DA:285,1
LF:122
LH:21
BRDA:56,0,0,0
BRDA:56,0,1,1
BRDA:57,1,0,0
BRDA:57,1,1,0
BRDA:71,2,0,0
BRDA:71,2,1,0
BRDA:73,3,0,0
BRDA:73,3,1,0
BRDA:80,4,0,0
BRDA:80,4,1,0
BRDA:81,5,0,0
BRDA:81,5,1,0
BRDA:84,6,0,0
BRDA:84,6,1,0
BRDA:86,7,0,0
BRDA:86,7,1,0
BRDA:100,8,0,0
BRDA:100,8,1,0
BRDA:103,9,0,0
BRDA:103,9,1,0
BRDA:114,10,0,0
BRDA:114,10,1,0
BRDA:115,11,0,0
BRDA:115,11,1,0
BRDA:121,12,0,0
BRDA:121,12,1,0
BRDA:128,13,0,0
BRDA:137,14,0,0
BRDA:137,14,1,0
BRDA:144,15,0,0
BRDA:144,15,1,0
BRDA:161,16,0,0
BRDA:161,16,1,0
BRDA:175,17,0,0
BRDA:175,17,1,0
BRDA:177,18,0,0
BRDA:177,18,1,0
BRDA:190,19,0,0
BRDA:190,19,1,0
BRDA:212,20,0,0
BRDA:212,20,1,0
BRDA:228,21,0,0
BRDA:228,21,1,0
BRDA:247,22,0,0
BRDA:249,23,0,0
BRDA:249,23,1,0
BRDA:253,24,0,0
BRDA:253,24,1,0
BRDA:255,25,0,0
BRDA:255,25,1,0
BRDA:258,26,0,0
BRDA:258,26,1,0
BRDA:261,27,0,0
BRDA:261,27,1,0
BRDA:264,28,0,0
BRDA:264,28,1,0
BRDA:268,29,0,0
BRDA:268,29,1,0
BRDA:269,30,0,0
BRDA:269,30,1,0
BRDA:274,31,0,0
BRDA:274,31,1,0
BRF:62
BRH:1
end_of_record
TN:
SF:src\helper.js
FN:7,(anonymous_0)
FN:37,(anonymous_1)
FN:49,(anonymous_2)
FN:79,(anonymous_3)
FN:93,(anonymous_4)
FN:124,(anonymous_5)
FN:148,(anonymous_6)
FN:178,(anonymous_7)
FN:215,(anonymous_8)
FN:238,getInvoiceDetails
FN:244,(anonymous_10)
FNF:11
FNH:8
FNDA:9,(anonymous_0)
FNDA:5,(anonymous_1)
FNDA:3,(anonymous_2)
FNDA:1,(anonymous_3)
FNDA:1,(anonymous_4)
FNDA:3,(anonymous_5)
FNDA:1,(anonymous_6)
FNDA:2,(anonymous_7)
FNDA:0,(anonymous_8)
FNDA:0,getInvoiceDetails
FNDA:0,(anonymous_10)
DA:1,2
DA:3,2
DA:4,2
DA:5,2
DA:7,2
DA:8,9
DA:9,9
DA:10,9
DA:14,9
DA:15,9
DA:16,9
DA:28,9
DA:31,0
DA:32,0
DA:34,0
DA:37,2
DA:38,5
DA:39,5
DA:44,0
DA:45,0
DA:49,2
DA:50,3
DA:51,3
DA:52,3
DA:53,3
DA:54,27
DA:55,27
DA:56,9
DA:61,18
DA:72,0
DA:73,0
DA:76,3
DA:79,2
DA:80,1
DA:81,1
DA:82,1
DA:83,1
DA:85,0
DA:88,0
DA:89,0
DA:93,2
DA:94,1
DA:95,1
DA:96,1
DA:97,1
DA:98,1
DA:99,1
DA:100,0
DA:102,1
DA:103,1
DA:104,1
DA:105,1
DA:106,1
DA:107,1
DA:108,9
DA:109,9
DA:111,1
DA:112,1
DA:113,1
DA:117,1
DA:119,0
DA:120,0
DA:124,2
DA:125,3
DA:126,3
DA:131,3
DA:132,3
DA:133,3
DA:134,3
DA:135,3
DA:136,3
DA:140,3
DA:143,0
DA:144,0
DA:148,2
DA:149,1
DA:150,1
DA:151,1
DA:152,1
DA:153,1
DA:158,1
DA:159,1
DA:160,1
DA:161,8
DA:162,8
DA:163,0
DA:169,0
DA:170,0
DA:171,0
DA:174,1
DA:175,1
DA:178,2
DA:179,2
DA:180,2
DA:181,2
DA:182,2
DA:187,2
DA:189,2
DA:190,2
DA:191,6
DA:192,6
DA:204,2
DA:205,2
DA:207,0
DA:211,0
DA:215,2
DA:216,0
DA:217,0
DA:218,0
DA:222,0
DA:223,0
DA:224,0
DA:225,0
DA:226,0
DA:227,0
DA:232,0
DA:239,0
DA:240,0
DA:241,0
DA:242,0
DA:243,0
DA:244,0
DA:246,0
DA:250,0
DA:251,0
DA:255,0
DA:260,0
DA:261,0
DA:263,0
DA:264,0
DA:268,2
LF:131
LH:86
BRDA:14,0,0,9
BRDA:14,0,1,0
BRDA:55,1,0,9
BRDA:55,1,1,18
BRDA:82,2,0,1
BRDA:82,2,1,0
BRDA:93,3,0,1
BRDA:99,4,0,0
BRDA:99,4,1,1
BRDA:106,5,0,1
BRDA:106,5,1,0
BRDA:111,6,0,1
BRDA:111,6,1,0
BRDA:132,7,0,3
BRDA:132,7,1,0
BRDA:162,8,0,0
BRDA:162,8,1,8
BRDA:216,9,0,0
BRDA:216,9,1,0
BRDA:222,10,0,0
BRDA:222,10,1,0
BRDA:226,11,0,0
BRDA:226,11,1,0
BRDA:240,12,0,0
BRDA:240,12,1,0
BRDA:242,13,0,0
BRDA:242,13,1,0
BRDA:250,14,0,0
BRDA:250,14,1,0
BRDA:258,15,0,0
BRDA:258,15,1,0
BRF:31
BRH:10
end_of_record
TN:
SF:src\mail.js
FN:6,sendEmail
FNF:1
FNH:0
FNDA:0,sendEmail
DA:1,1
DA:2,1
DA:3,1
DA:4,1
DA:7,0
DA:8,0
DA:17,0
DA:18,0
DA:19,0
DA:25,0
DA:26,0
DA:27,0
DA:28,0
DA:29,0
DA:54,0
DA:60,0
DA:61,0
DA:62,0
DA:63,0
DA:64,0
DA:89,0
DA:90,0
DA:92,0
DA:95,0
DA:96,0
DA:100,1
LF:26
LH:5
BRDA:18,0,0,0
BRDA:18,0,1,0
BRDA:28,1,0,0
BRDA:28,1,1,0
BRDA:63,2,0,0
BRDA:63,2,1,0
BRDA:89,3,0,0
BRDA:89,3,1,0
BRDA:89,4,0,0
BRDA:89,4,1,0
BRF:10
BRH:0
end_of_record
TN:
SF:src\server.js
FN:44,(anonymous_0)
FN:48,(anonymous_1)
FN:59,(anonymous_2)
FN:69,(anonymous_3)
FN:103,(anonymous_4)
FN:118,(anonymous_5)
FN:154,(anonymous_6)
FN:176,(anonymous_7)
FN:199,(anonymous_8)
FN:204,(anonymous_9)
FNF:10
FNH:4
FNDA:0,(anonymous_0)
FNDA:0,(anonymous_1)
FNDA:1,(anonymous_2)
FNDA:1,(anonymous_3)
FNDA:0,(anonymous_4)
FNDA:0,(anonymous_5)
FNDA:1,(anonymous_6)
FNDA:0,(anonymous_7)
FNDA:0,(anonymous_8)
FNDA:1,(anonymous_9)
DA:1,1
DA:3,1
DA:4,1
DA:5,1
DA:6,1
DA:7,1
DA:14,1
DA:15,1
DA:17,1
DA:18,1
DA:19,1
DA:21,1
DA:23,1
DA:26,1
DA:42,1
DA:44,1
DA:45,0
DA:48,1
DA:49,0
DA:50,0
DA:51,0
DA:52,0
DA:53,0
DA:55,0
DA:59,1
DA:60,1
DA:61,1
DA:62,0
DA:63,0
DA:64,0
DA:65,0
DA:66,1
DA:69,1
DA:70,1
DA:71,1
DA:72,1
DA:73,1
DA:74,0
DA:75,1
DA:76,0
DA:103,1
DA:104,0
DA:105,0
DA:106,0
DA:107,0
DA:108,0
DA:111,0
DA:115,0
DA:118,1
DA:125,0
DA:126,0
DA:130,0
DA:131,0
DA:150,0
DA:151,0
DA:154,1
DA:155,1
DA:158,1
DA:159,0
DA:160,0
DA:163,0
DA:165,0
DA:166,0
DA:167,0
DA:169,0
DA:172,1
DA:176,1
DA:177,0
DA:178,0
DA:179,0
DA:180,0
DA:181,0
DA:183,0
DA:185,0
DA:186,0
DA:187,0
DA:188,0
DA:189,0
DA:192,0
DA:193,0
DA:195,0
DA:199,1
DA:200,0
DA:201,0
DA:204,1
DA:205,1
DA:208,1
LF:87
LH:38
BRDA:50,0,0,0
BRDA:50,0,1,0
BRDA:61,1,0,0
BRDA:61,1,1,1
BRDA:61,2,0,1
BRDA:61,2,1,1
BRDA:63,3,0,0
BRDA:63,3,1,0
BRDA:63,4,0,0
BRDA:63,4,1,0
BRDA:71,5,0,1
BRDA:71,5,1,0
BRDA:71,6,0,1
BRDA:71,6,1,1
BRDA:73,7,0,0
BRDA:73,7,1,1
BRDA:73,8,0,1
BRDA:73,8,1,0
BRDA:106,9,0,0
BRDA:106,9,1,0
BRDA:107,10,0,0
BRDA:107,10,1,0
BRDA:130,11,0,0
BRDA:130,11,1,0
BRDA:130,12,0,0
BRDA:130,12,1,0
BRDA:130,12,2,0
BRDA:159,13,0,0
BRDA:159,13,1,0
BRDA:159,14,0,0
BRDA:159,14,1,0
BRDA:166,15,0,0
BRDA:166,15,1,0
BRDA:179,16,0,0
BRDA:179,16,1,0
BRDA:180,17,0,0
BRDA:180,17,1,0
BRDA:180,18,0,0
BRDA:180,18,1,0
BRDA:180,18,2,0
BRDA:180,18,3,0
BRDA:185,19,0,0
BRDA:185,19,1,0
BRDA:185,20,0,0
BRDA:185,20,1,0
BRDA:188,21,0,0
BRDA:188,21,1,0
BRDA:192,22,0,0
BRDA:192,22,1,0
BRF:49
BRH:8
end_of_record
TN:
SF:src\utils.js
FN:5,(anonymous_0)
FN:21,(anonymous_1)
FN:29,(anonymous_2)
FN:37,fetchData
FNF:4
FNH:2
FNDA:19,(anonymous_0)
FNDA:30,(anonymous_1)
FNDA:0,(anonymous_2)
FNDA:0,fetchData
DA:1,2
DA:3,2
DA:5,2
DA:6,19
DA:7,18
DA:11,1
DA:21,2
DA:22,30
DA:23,30
DA:24,57
DA:26,0
DA:29,2
DA:30,0
DA:31,0
DA:32,0
DA:34,0
DA:38,0
DA:39,0
DA:46,0
DA:47,0
DA:49,0
DA:50,0
DA:54,2
LF:23
LH:12
BRDA:5,0,0,18
BRDA:6,1,0,18
BRDA:6,1,1,1
BRDA:21,2,0,0
BRDA:21,3,0,0
BRDA:22,4,0,0
BRDA:22,4,1,30
BRDA:24,5,0,30
BRDA:24,5,1,27
BRDA:29,6,0,0
BRDA:46,7,0,0
BRDA:46,7,1,0
BRF:12
BRH:6
end_of_record
